<?xml version="1.0" encoding="UTF-8"?>
<robot generator="Robot 7.4.1 (Python 3.13.5 on win32)" generated="2026-02-20T10:34:06.558509" rpa="false" schemaversion="5">
<suite id="s1" name="Dragdrop" source="C:\Users\bhash\PycharmProjects\Feb2026WiproRobotFramework\LabSessions\Labsessionday14\Lab2\Dragdrop.robot">
<test id="s1-t1" name="Verify Drag and Drop" line="10">
<kw name="Open Browser" owner="SeleniumLibrary">
<msg time="2026-02-20T10:34:06.854473" level="INFO">Opening browser 'chrome' to base url 'https://www.tutorialspoint.com/selenium/practice/droppable.php'.</msg>
<arg>${url}</arg>
<arg>chrome</arg>
<doc>Opens a new browser instance to the optional ``url``.</doc>
<status status="PASS" start="2026-02-20T10:34:06.854224" elapsed="2.195207"/>
</kw>
<kw name="Maximize Browser Window" owner="SeleniumLibrary">
<doc>Maximizes current browser window.</doc>
<status status="PASS" start="2026-02-20T10:34:09.051476" elapsed="0.075510"/>
</kw>
<kw name="Sleep" owner="BuiltIn">
<msg time="2026-02-20T10:34:12.128919" level="INFO">Slept 3 seconds.</msg>
<arg>3s</arg>
<doc>Pauses the test executed for the given time.</doc>
<status status="PASS" start="2026-02-20T10:34:09.128018" elapsed="3.001173"/>
</kw>
<kw name="Wait Until Element Is Visible" owner="SeleniumLibrary">
<arg>xpath://div[@id='draggable']</arg>
<doc>Waits until the element ``locator`` is visible.</doc>
<status status="PASS" start="2026-02-20T10:34:12.129802" elapsed="0.030692"/>
</kw>
<kw name="Sleep" owner="BuiltIn">
<msg time="2026-02-20T10:34:14.162878" level="INFO">Slept 2 seconds.</msg>
<arg>2s</arg>
<doc>Pauses the test executed for the given time.</doc>
<status status="PASS" start="2026-02-20T10:34:12.160803" elapsed="2.002241"/>
</kw>
<kw name="Drag And Drop" owner="SeleniumLibrary">
<arg>xpath://div[@id='draggable']</arg>
<arg>xpath://div[@id='droppable']</arg>
<doc>Drags the element identified by ``locator`` into the ``target`` element.</doc>
<status status="PASS" start="2026-02-20T10:34:14.163460" elapsed="0.579391"/>
</kw>
<kw name="Sleep" owner="BuiltIn">
<msg time="2026-02-20T10:34:16.744393" level="INFO">Slept 2 seconds.</msg>
<arg>2s</arg>
<doc>Pauses the test executed for the given time.</doc>
<status status="PASS" start="2026-02-20T10:34:14.743449" elapsed="2.001091"/>
</kw>
<kw name="Close Browser" owner="SeleniumLibrary">
<doc>Closes the current browser.</doc>
<status status="PASS" start="2026-02-20T10:34:16.744896" elapsed="2.243867"/>
</kw>
<status status="PASS" start="2026-02-20T10:34:06.853245" elapsed="12.135833"/>
</test>
<status status="PASS" start="2026-02-20T10:34:06.560055" elapsed="12.429686"/>
</suite>
<statistics>
<total>
<stat pass="1" fail="0" skip="0">All Tests</stat>
</total>
<tag>
</tag>
<suite>
<stat name="Dragdrop" id="s1" pass="1" fail="0" skip="0">Dragdrop</stat>
</suite>
</statistics>
<errors>
</errors>
</robot>
