<?xml version="1.0" encoding="UTF-8"?>
<robot generator="Robot 7.4.1 (Python 3.13.5 on win32)" generated="2026-02-18T18:48:01.456802" rpa="false" schemaversion="5">
<suite id="s1" name="Labsession2" source="C:\Users\bhash\PycharmProjects\Feb2026WiproRobotFramework\LabSessions\Labsession2\Labsession2.robot">
<test id="s1-t1" name="Verify login scenario with valid credentials" line="11">
<kw name="Open Browser" owner="SeleniumLibrary">
<msg time="2026-02-18T18:48:02.263068" level="INFO">Opening browser 'firefox' to base url 'https://www.saucedemo.com/'.</msg>
<arg>${url}</arg>
<arg>${browser}</arg>
<doc>Opens a new browser instance to the optional ``url``.</doc>
<status status="PASS" start="2026-02-18T18:48:02.262250" elapsed="13.229273"/>
</kw>
<kw name="Maximize Browser Window" owner="SeleniumLibrary">
<doc>Maximizes current browser window.</doc>
<status status="PASS" start="2026-02-18T18:48:15.493339" elapsed="0.342226"/>
</kw>
<kw name="Wait Until Element Is Visible" owner="SeleniumLibrary">
<arg>id:user-name</arg>
<doc>Waits until the element ``locator`` is visible.</doc>
<status status="PASS" start="2026-02-18T18:48:15.913568" elapsed="0.375010"/>
</kw>
<kw name="Input Text" owner="SeleniumLibrary">
<msg time="2026-02-18T18:48:16.289929" level="INFO">Typing text 'standard_user' into text field 'id:user-name'.</msg>
<arg>id:user-name</arg>
<arg>${username}</arg>
<doc>Types the given ``text`` into the text field identified by ``locator``.</doc>
<status status="PASS" start="2026-02-18T18:48:16.289236" elapsed="0.132949"/>
</kw>
<kw name="Input Text" owner="SeleniumLibrary">
<msg time="2026-02-18T18:48:16.425888" level="INFO">Typing text 'secret_sauce' into text field 'id:password'.</msg>
<arg>id:password</arg>
<arg>${password}</arg>
<doc>Types the given ``text`` into the text field identified by ``locator``.</doc>
<status status="PASS" start="2026-02-18T18:48:16.425118" elapsed="0.073145"/>
</kw>
<kw name="Click Element" owner="SeleniumLibrary">
<msg time="2026-02-18T18:48:16.506901" level="INFO">Clicking element 'id:login-button'.</msg>
<arg>id:login-button</arg>
<doc>Click the element identified by ``locator``.</doc>
<status status="PASS" start="2026-02-18T18:48:16.506279" elapsed="0.215995"/>
</kw>
<kw name="Wait Until Element Is Visible" owner="SeleniumLibrary">
<arg>xpath://span[text()='Products']</arg>
<doc>Waits until the element ``locator`` is visible.</doc>
<status status="PASS" start="2026-02-18T18:48:16.723003" elapsed="0.029053"/>
</kw>
<kw name="Element Should Be Visible" owner="SeleniumLibrary">
<msg time="2026-02-18T18:48:16.775677" level="INFO">Element 'xpath://span[text()='Products']' is displayed.</msg>
<arg>xpath://span[text()='Products']</arg>
<doc>Verifies that the element identified by ``locator`` is visible.</doc>
<status status="PASS" start="2026-02-18T18:48:16.752734" elapsed="0.023254"/>
</kw>
<kw name="Close Browser" owner="SeleniumLibrary">
<doc>Closes the current browser.</doc>
<status status="PASS" start="2026-02-18T18:48:16.777667" elapsed="5.054626"/>
</kw>
<status status="PASS" start="2026-02-18T18:48:02.259755" elapsed="19.573570"/>
</test>
<status status="PASS" start="2026-02-18T18:48:01.460619" elapsed="20.375464"/>
</suite>
<statistics>
<total>
<stat pass="1" fail="0" skip="0">All Tests</stat>
</total>
<tag>
</tag>
<suite>
<stat name="Labsession2" id="s1" pass="1" fail="0" skip="0">Labsession2</stat>
</suite>
</statistics>
<errors>
</errors>
</robot>
