<?xml version="1.0" encoding="UTF-8"?>
<robot generator="Robot 7.4.1 (Python 3.13.5 on win32)" generated="2026-02-20T14:51:15.828846" rpa="false" schemaversion="5">
<suite id="s1" name="Frames" source="C:\Users\bhash\PycharmProjects\Feb2026WiproRobotFramework\Selenium\Frames.robot">
<test id="s1-t1" name="Verify drop downs" line="13">
<kw name="Open Browser" owner="SeleniumLibrary">
<msg time="2026-02-20T14:51:16.094873" level="INFO">Opening browser 'firefox' to base url 'https://jqueryui.com/datepicker/'.</msg>
<arg>${url}</arg>
<arg>firefox</arg>
<doc>Opens a new browser instance to the optional ``url``.</doc>
<status status="PASS" start="2026-02-20T14:51:16.094583" elapsed="9.396110"/>
</kw>
<kw name="Maximize Browser Window" owner="SeleniumLibrary">
<doc>Maximizes current browser window.</doc>
<status status="PASS" start="2026-02-20T14:51:25.492048" elapsed="0.325950"/>
</kw>
<kw name="Set Selenium Implicit Wait" owner="SeleniumLibrary">
<arg>3s</arg>
<doc>Sets the implicit wait value used by Selenium.</doc>
<status status="PASS" start="2026-02-20T14:51:25.819316" elapsed="0.024806"/>
</kw>
<kw name="Select Frame" owner="SeleniumLibrary">
<msg time="2026-02-20T14:51:25.845702" level="INFO">Selecting frame 'xpath://iframe[@class='demo-frame']'.</msg>
<arg>xpath://iframe[@class='demo-frame']</arg>
<doc>Sets frame identified by ``locator`` as the current frame.</doc>
<status status="PASS" start="2026-02-20T14:51:25.844656" elapsed="0.055172"/>
</kw>
<kw name="Sleep" owner="BuiltIn">
<msg time="2026-02-20T14:51:27.901745" level="INFO">Slept 2 seconds.</msg>
<arg>2s</arg>
<doc>Pauses the test executed for the given time.</doc>
<status status="PASS" start="2026-02-20T14:51:25.900555" elapsed="2.001331"/>
</kw>
<kw name="Click Element" owner="SeleniumLibrary">
<msg time="2026-02-20T14:51:27.902517" level="INFO">Clicking element 'xpath://input[@id='datepicker']'.</msg>
<arg>xpath://input[@id='datepicker']</arg>
<doc>Click the element identified by ``locator``.</doc>
<status status="PASS" start="2026-02-20T14:51:27.902262" elapsed="0.202136"/>
</kw>
<kw name="Sleep" owner="BuiltIn">
<msg time="2026-02-20T14:51:30.105935" level="INFO">Slept 2 seconds.</msg>
<arg>2s</arg>
<doc>Pauses the test executed for the given time.</doc>
<status status="PASS" start="2026-02-20T14:51:28.104848" elapsed="2.001254"/>
</kw>
<kw name="Click Element" owner="SeleniumLibrary">
<msg time="2026-02-20T14:51:30.106726" level="INFO">Clicking element 'xpath://a[contains(text(),'21')]'.</msg>
<arg>xpath://a[contains(text(),'21')]</arg>
<doc>Click the element identified by ``locator``.</doc>
<status status="PASS" start="2026-02-20T14:51:30.106485" elapsed="0.080230"/>
</kw>
<kw name="Close Browser" owner="SeleniumLibrary">
<doc>Closes the current browser.</doc>
<status status="PASS" start="2026-02-20T14:51:30.187375" elapsed="3.629263"/>
</kw>
<status status="PASS" start="2026-02-20T14:51:16.093520" elapsed="17.723727"/>
</test>
<status status="PASS" start="2026-02-20T14:51:15.830156" elapsed="17.987995"/>
</suite>
<statistics>
<total>
<stat pass="1" fail="0" skip="0">All Tests</stat>
</total>
<tag>
</tag>
<suite>
<stat name="Frames" id="s1" pass="1" fail="0" skip="0">Frames</stat>
</suite>
</statistics>
<errors>
</errors>
</robot>
